[Tue Feb 10 14:30:00 GMT 2026] Bot already running
[Tue Feb 10 21:15:00 GMT 2026] Stopping bot after market close...
[Tue Feb 10 21:15:05 GMT 2026] ✅ Bot stopped cleanly
[Wed Feb 11 14:30:00 GMT 2026] Starting bot for trading session...
[Wed Feb 11 14:30:03 GMT 2026] ✅ Bot started (PID 18084)
[Wed Feb 11 21:15:00 GMT 2026] Found PID file: 18084
[Wed Feb 11 21:15:00 GMT 2026] Stopping bot after market close...
[Wed Feb 11 21:15:00 GMT 2026] Killing PID 18084 and children...
[Wed Feb 11 21:15:02 GMT 2026] Cleaning orphaned processes: 18084 18086 
[Wed Feb 11 21:15:05 GMT 2026] ✅ Bot stopped cleanly
[Thu Feb 12 14:30:00 GMT 2026] Starting bot for trading session...
[Thu Feb 12 14:30:03 GMT 2026] ✅ Bot started (PID 63040)
[Thu Feb 12 21:15:00 GMT 2026] Found PID file: 63040
[Thu Feb 12 21:15:00 GMT 2026] Stopping bot after market close...
[Thu Feb 12 21:15:00 GMT 2026] Killing PID 63040 and children...
[Thu Feb 12 21:15:02 GMT 2026] Cleaning orphaned processes: 63040 63042 
[Thu Feb 12 21:15:05 GMT 2026] ✅ Bot stopped cleanly
[Fri Feb 13 14:30:00 GMT 2026] Starting bot for trading session...
[Fri Feb 13 14:30:03 GMT 2026] ✅ Bot started (PID 10120)
[Fri Feb 13 21:15:00 GMT 2026] Found PID file: 10120
[Fri Feb 13 21:15:00 GMT 2026] Stopping bot after market close...
[Fri Feb 13 21:15:00 GMT 2026] Killing PID 10120 and children...
[Fri Feb 13 21:15:03 GMT 2026] Cleaning orphaned processes: 10120 10122 
[Fri Feb 13 21:15:06 GMT 2026] ✅ Bot stopped cleanly
[Mon Feb 16 14:30:00 GMT 2026] Starting bot for trading session...
[Mon Feb 16 14:30:04 GMT 2026] ✅ Bot started (PID 71302)
[Mon Feb 16 21:15:00 GMT 2026] Found PID file: 71302
[Mon Feb 16 21:15:00 GMT 2026] Stopping bot after market close...
[Mon Feb 16 21:15:00 GMT 2026] Killing PID 71302 and children...
[Mon Feb 16 21:15:02 GMT 2026] Cleaning orphaned processes: 71302 71304 
[Mon Feb 16 21:15:06 GMT 2026] ✅ Bot stopped cleanly
[Tue Feb 17 14:30:00 GMT 2026] Starting bot for trading session...
[Tue Feb 17 14:30:03 GMT 2026] ✅ Bot started (PID 11419)
[Tue Feb 17 21:15:00 GMT 2026] Found PID file: 11419
[Tue Feb 17 21:15:00 GMT 2026] Stopping bot after market close...
[Tue Feb 17 21:15:00 GMT 2026] Killing PID 11419 and children...
[Tue Feb 17 21:15:02 GMT 2026] Cleaning orphaned processes: 11419 11421 
[Tue Feb 17 21:15:06 GMT 2026] ✅ Bot stopped cleanly
